c:\users\song2\desktop\4-1\capstonedesign\mfc\finet_mfc\fidofunction\debug\fidofunction.pch
c:\users\song2\desktop\4-1\capstonedesign\mfc\finet_mfc\fidofunction\debug\vc142.pdb
c:\users\song2\desktop\4-1\capstonedesign\mfc\finet_mfc\fidofunction\debug\vc142.idb
c:\users\song2\desktop\4-1\capstonedesign\mfc\finet_mfc\fidofunction\debug\pch.obj
c:\users\song2\desktop\4-1\capstonedesign\mfc\finet_mfc\fidofunction\debug\windowclientcpp.obj
c:\users\song2\desktop\4-1\capstonedesign\mfc\finet_mfc\fidofunction\debug\sha256.obj
c:\users\song2\desktop\4-1\capstonedesign\mfc\finet_mfc\fidofunction\debug\fidofunction.obj
c:\users\song2\desktop\4-1\capstonedesign\mfc\finet_mfc\fidofunction\debug\fido.obj
c:\users\song2\desktop\4-1\capstonedesign\mfc\finet_mfc\fidofunction\debug\dllmain.obj
c:\users\song2\desktop\4-1\capstonedesign\mfc\finet_mfc\debug\fidofunction.lib
c:\users\song2\desktop\4-1\capstonedesign\mfc\finet_mfc\debug\fidofunction.exp
c:\users\song2\desktop\4-1\capstonedesign\mfc\finet_mfc\debug\fidofunction.ilk
c:\users\song2\desktop\4-1\capstonedesign\mfc\finet_mfc\debug\fidofunction.dll
c:\users\song2\desktop\4-1\capstonedesign\mfc\finet_mfc\debug\fidofunction.pdb
c:\users\song2\desktop\4-1\capstonedesign\mfc\finet_mfc\fidofunction\debug\fidofunction.res
c:\users\song2\desktop\4-1\capstonedesign\mfc\finet_mfc\fidofunction\debug\fidofunction.tlog\cl.command.1.tlog
c:\users\song2\desktop\4-1\capstonedesign\mfc\finet_mfc\fidofunction\debug\fidofunction.tlog\cl.read.1.tlog
c:\users\song2\desktop\4-1\capstonedesign\mfc\finet_mfc\fidofunction\debug\fidofunction.tlog\cl.write.1.tlog
c:\users\song2\desktop\4-1\capstonedesign\mfc\finet_mfc\fidofunction\debug\fidofunction.tlog\fidofunction.write.1u.tlog
c:\users\song2\desktop\4-1\capstonedesign\mfc\finet_mfc\fidofunction\debug\fidofunction.tlog\link.command.1.tlog
c:\users\song2\desktop\4-1\capstonedesign\mfc\finet_mfc\fidofunction\debug\fidofunction.tlog\link.read.1.tlog
c:\users\song2\desktop\4-1\capstonedesign\mfc\finet_mfc\fidofunction\debug\fidofunction.tlog\link.write.1.tlog
c:\users\song2\desktop\4-1\capstonedesign\mfc\finet_mfc\fidofunction\debug\fidofunction.tlog\rc.command.1.tlog
c:\users\song2\desktop\4-1\capstonedesign\mfc\finet_mfc\fidofunction\debug\fidofunction.tlog\rc.read.1.tlog
c:\users\song2\desktop\4-1\capstonedesign\mfc\finet_mfc\fidofunction\debug\fidofunction.tlog\rc.write.1.tlog
